stylish/android/app/build/intermediates/manifest_merge_blame_file/debug/manifest-merger-blame-debug-report.txt
1<?xml version="1.0" encoding="utf-8"?>
2<manifest xmlns:android="http://schemas.android.com/apk/res/android"
3    package="com.anet.stylish"
4    android:versionCode="1"
5    android:versionName="1.0.0" >
6
7    <uses-sdk
8        android:minSdkVersion="23"
9        android:targetSdkVersion="34" />
10    <!--
11         The INTERNET permission is required for development. Specifically,
12         the Flutter tool needs it to communicate with the running application
13         to allow setting breakpoints, to provide hot reload, etc.
14    -->
15    <uses-permission android:name="android.permission.INTERNET" />
15-->src\debug\AndroidManifest.xml:6:5-66
15-->src\debug\AndroidManifest.xml:6:22-64
16    <!--
17     Required to query activities that can process text, see:
18         https://developer.android.com/training/package-visibility and
19         https://developer.android.com/reference/android/content/Intent#ACTION_PROCESS_TEXT.
20
21         In particular, this is used by the Flutter engine in io.flutter.plugin.text.ProcessTextPlugin.
22    -->
23    <queries>
23-->src\main\AndroidManifest.xml:39:5-44:15
24        <intent>
24-->src\main\AndroidManifest.xml:40:9-43:18
25            <action android:name="android.intent.action.PROCESS_TEXT" />
25-->src\main\AndroidManifest.xml:41:13-72
25-->src\main\AndroidManifest.xml:41:21-70
26
27            <data android:mimeType="text/plain" />
27-->src\main\AndroidManifest.xml:42:13-50
27-->src\main\AndroidManifest.xml:42:19-48
28        </intent>
29    </queries>
30
31    <uses-permission android:name="android.permission.ACCESS_NETWORK_STATE" />
31-->[com.google.firebase:firebase-messaging:24.0.3] AndroidManifest.xml:22:5-79
31-->[com.google.firebase:firebase-messaging:24.0.3] AndroidManifest.xml:22:22-76
32    <uses-permission android:name="android.permission.POST_NOTIFICATIONS" />
32-->[com.google.firebase:firebase-messaging:24.0.3] AndroidManifest.xml:23:5-77
32-->[com.google.firebase:firebase-messaging:24.0.3] AndroidManifest.xml:23:22-74
33    <uses-permission android:name="android.permission.WAKE_LOCK" /> <!-- Required by older versions of Google Play services to create IID tokens -->
33-->[com.google.firebase:firebase-messaging:24.0.3] AndroidManifest.xml:24:5-68
33-->[com.google.firebase:firebase-messaging:24.0.3] AndroidManifest.xml:24:22-65
34    <uses-permission android:name="com.google.android.c2dm.permission.RECEIVE" />
34-->[com.google.firebase:firebase-messaging:24.0.3] AndroidManifest.xml:26:5-82
34-->[com.google.firebase:firebase-messaging:24.0.3] AndroidManifest.xml:26:22-79
35
36    <permission
36-->[androidx.core:core:1.13.1] AndroidManifest.xml:22:5-24:47
37        android:name="com.anet.stylish.DYNAMIC_RECEIVER_NOT_EXPORTED_PERMISSION"
37-->[androidx.core:core:1.13.1] AndroidManifest.xml:23:9-81
38        android:protectionLevel="signature" />
38-->[androidx.core:core:1.13.1] AndroidManifest.xml:24:9-44
39
40    <uses-permission android:name="com.anet.stylish.DYNAMIC_RECEIVER_NOT_EXPORTED_PERMISSION" />
40-->[androidx.core:core:1.13.1] AndroidManifest.xml:26:5-97
40-->[androidx.core:core:1.13.1] AndroidManifest.xml:26:22-94
41
42    <application
43        android:name="android.app.Application"
44        android:appComponentFactory="androidx.core.app.CoreComponentFactory"
44-->[androidx.core:core:1.13.1] AndroidManifest.xml:28:18-86
45        android:debuggable="true"
46        android:extractNativeLibs="false"
47        android:icon="@mipmap/ic_launcher"
48        android:label="stylish" >
49        <activity
50            android:name="com.anet.stylish.MainActivity"
51            android:configChanges="orientation|keyboardHidden|keyboard|screenSize|smallestScreenSize|locale|layoutDirection|fontScale|screenLayout|density|uiMode"
52            android:exported="true"
53            android:hardwareAccelerated="true"
54            android:launchMode="singleTop"
55            android:taskAffinity=""
56            android:theme="@style/LaunchTheme"
57            android:windowSoftInputMode="adjustResize" >
58
59            <!--
60                 Specifies an Android theme to apply to this Activity as soon as
61                 the Android process has started. This theme is visible to the user
62                 while the Flutter UI initializes. After that, this theme continues
63                 to determine the Window background behind the Flutter UI.
64            -->
65            <meta-data
66                android:name="io.flutter.embedding.android.NormalTheme"
67                android:resource="@style/NormalTheme" />
68
69            <intent-filter>
70                <action android:name="android.intent.action.MAIN" />
71
72                <category android:name="android.intent.category.LAUNCHER" />
73            </intent-filter>
74        </activity>
75        <!--
76             Don't delete the meta-data below.
77             This is used by the Flutter tool to generate GeneratedPluginRegistrant.java
78        -->
79        <meta-data
80            android:name="flutterEmbedding"
81            android:value="2" />
82
83        <service
83-->[:cloud_firestore] AndroidManifest.xml:8:9-12:19
84            android:name="com.google.firebase.components.ComponentDiscoveryService"
84-->[:cloud_firestore] AndroidManifest.xml:8:18-89
85            android:directBootAware="true"
85-->[com.google.firebase:firebase-common:21.0.0] AndroidManifest.xml:32:13-43
86            android:exported="false" >
86-->[com.google.firebase:firebase-messaging:24.0.3] AndroidManifest.xml:56:13-37
87            <meta-data
87-->[:cloud_firestore] AndroidManifest.xml:9:13-11:85
88                android:name="com.google.firebase.components:io.flutter.plugins.firebase.firestore.FlutterFirebaseFirestoreRegistrar"
88-->[:cloud_firestore] AndroidManifest.xml:10:17-134
89                android:value="com.google.firebase.components.ComponentRegistrar" />
89-->[:cloud_firestore] AndroidManifest.xml:11:17-82
90            <meta-data
90-->[:firebase_core] AndroidManifest.xml:9:13-11:85
91                android:name="com.google.firebase.components:io.flutter.plugins.firebase.core.FlutterFirebaseCoreRegistrar"
91-->[:firebase_core] AndroidManifest.xml:10:17-124
92                android:value="com.google.firebase.components.ComponentRegistrar" />
92-->[:firebase_core] AndroidManifest.xml:11:17-82
93            <meta-data
93-->[com.google.firebase:firebase-messaging:24.0.3] AndroidManifest.xml:57:13-59:85
94                android:name="com.google.firebase.components:com.google.firebase.messaging.FirebaseMessagingKtxRegistrar"
94-->[com.google.firebase:firebase-messaging:24.0.3] AndroidManifest.xml:58:17-122
95                android:value="com.google.firebase.components.ComponentRegistrar" />
95-->[com.google.firebase:firebase-messaging:24.0.3] AndroidManifest.xml:59:17-82
96            <meta-data
96-->[com.google.firebase:firebase-messaging:24.0.3] AndroidManifest.xml:60:13-62:85
97                android:name="com.google.firebase.components:com.google.firebase.messaging.FirebaseMessagingRegistrar"
97-->[com.google.firebase:firebase-messaging:24.0.3] AndroidManifest.xml:61:17-119
98                android:value="com.google.firebase.components.ComponentRegistrar" />
98-->[com.google.firebase:firebase-messaging:24.0.3] AndroidManifest.xml:62:17-82
99            <meta-data
99-->[com.google.firebase:firebase-firestore:25.1.0] AndroidManifest.xml:17:13-19:85
100                android:name="com.google.firebase.components:com.google.firebase.firestore.FirebaseFirestoreKtxRegistrar"
100-->[com.google.firebase:firebase-firestore:25.1.0] AndroidManifest.xml:18:17-122
101                android:value="com.google.firebase.components.ComponentRegistrar" />
101-->[com.google.firebase:firebase-firestore:25.1.0] AndroidManifest.xml:19:17-82
102            <meta-data
102-->[com.google.firebase:firebase-firestore:25.1.0] AndroidManifest.xml:20:13-22:85
103                android:name="com.google.firebase.components:com.google.firebase.firestore.FirestoreRegistrar"
103-->[com.google.firebase:firebase-firestore:25.1.0] AndroidManifest.xml:21:17-111
104                android:value="com.google.firebase.components.ComponentRegistrar" />
104-->[com.google.firebase:firebase-firestore:25.1.0] AndroidManifest.xml:22:17-82
105            <meta-data
105-->[com.google.firebase:firebase-installations:18.0.0] AndroidManifest.xml:15:13-17:85
106                android:name="com.google.firebase.components:com.google.firebase.installations.FirebaseInstallationsKtxRegistrar"
106-->[com.google.firebase:firebase-installations:18.0.0] AndroidManifest.xml:16:17-130
107                android:value="com.google.firebase.components.ComponentRegistrar" />
107-->[com.google.firebase:firebase-installations:18.0.0] AndroidManifest.xml:17:17-82
108            <meta-data
108-->[com.google.firebase:firebase-installations:18.0.0] AndroidManifest.xml:18:13-20:85
109                android:name="com.google.firebase.components:com.google.firebase.installations.FirebaseInstallationsRegistrar"
109-->[com.google.firebase:firebase-installations:18.0.0] AndroidManifest.xml:19:17-127
110                android:value="com.google.firebase.components.ComponentRegistrar" />
110-->[com.google.firebase:firebase-installations:18.0.0] AndroidManifest.xml:20:17-82
111            <meta-data
111-->[com.google.firebase:firebase-common-ktx:21.0.0] AndroidManifest.xml:12:13-14:85
112                android:name="com.google.firebase.components:com.google.firebase.ktx.FirebaseCommonLegacyRegistrar"
112-->[com.google.firebase:firebase-common-ktx:21.0.0] AndroidManifest.xml:13:17-116
113                android:value="com.google.firebase.components.ComponentRegistrar" />
113-->[com.google.firebase:firebase-common-ktx:21.0.0] AndroidManifest.xml:14:17-82
114            <meta-data
114-->[com.google.firebase:firebase-common:21.0.0] AndroidManifest.xml:35:13-37:85
115                android:name="com.google.firebase.components:com.google.firebase.FirebaseCommonKtxRegistrar"
115-->[com.google.firebase:firebase-common:21.0.0] AndroidManifest.xml:36:17-109
116                android:value="com.google.firebase.components.ComponentRegistrar" />
116-->[com.google.firebase:firebase-common:21.0.0] AndroidManifest.xml:37:17-82
117            <meta-data
117-->[com.google.firebase:firebase-datatransport:18.2.0] AndroidManifest.xml:25:13-27:85
118                android:name="com.google.firebase.components:com.google.firebase.datatransport.TransportRegistrar"
118-->[com.google.firebase:firebase-datatransport:18.2.0] AndroidManifest.xml:26:17-115
119                android:value="com.google.firebase.components.ComponentRegistrar" />
119-->[com.google.firebase:firebase-datatransport:18.2.0] AndroidManifest.xml:27:17-82
120        </service>
121
122        <receiver
122-->[com.google.firebase:firebase-messaging:24.0.3] AndroidManifest.xml:29:9-40:20
123            android:name="com.google.firebase.iid.FirebaseInstanceIdReceiver"
123-->[com.google.firebase:firebase-messaging:24.0.3] AndroidManifest.xml:30:13-78
124            android:exported="true"
124-->[com.google.firebase:firebase-messaging:24.0.3] AndroidManifest.xml:31:13-36
125            android:permission="com.google.android.c2dm.permission.SEND" >
125-->[com.google.firebase:firebase-messaging:24.0.3] AndroidManifest.xml:32:13-73
126            <intent-filter>
126-->[com.google.firebase:firebase-messaging:24.0.3] AndroidManifest.xml:33:13-35:29
127                <action android:name="com.google.android.c2dm.intent.RECEIVE" />
127-->[com.google.firebase:firebase-messaging:24.0.3] AndroidManifest.xml:34:17-81
127-->[com.google.firebase:firebase-messaging:24.0.3] AndroidManifest.xml:34:25-78
128            </intent-filter>
129
130            <meta-data
130-->[com.google.firebase:firebase-messaging:24.0.3] AndroidManifest.xml:37:13-39:40
131                android:name="com.google.android.gms.cloudmessaging.FINISHED_AFTER_HANDLED"
131-->[com.google.firebase:firebase-messaging:24.0.3] AndroidManifest.xml:38:17-92
132                android:value="true" />
132-->[com.google.firebase:firebase-messaging:24.0.3] AndroidManifest.xml:39:17-37
133        </receiver>
134        <!--
135             FirebaseMessagingService performs security checks at runtime,
136             but set to not exported to explicitly avoid allowing another app to call it.
137        -->
138        <service
138-->[com.google.firebase:firebase-messaging:24.0.3] AndroidManifest.xml:46:9-53:19
139            android:name="com.google.firebase.messaging.FirebaseMessagingService"
139-->[com.google.firebase:firebase-messaging:24.0.3] AndroidManifest.xml:47:13-82
140            android:directBootAware="true"
140-->[com.google.firebase:firebase-messaging:24.0.3] AndroidManifest.xml:48:13-43
141            android:exported="false" >
141-->[com.google.firebase:firebase-messaging:24.0.3] AndroidManifest.xml:49:13-37
142            <intent-filter android:priority="-500" >
142-->[com.google.firebase:firebase-messaging:24.0.3] AndroidManifest.xml:50:13-52:29
142-->[com.google.firebase:firebase-messaging:24.0.3] AndroidManifest.xml:50:28-51
143                <action android:name="com.google.firebase.MESSAGING_EVENT" />
143-->[com.google.firebase:firebase-messaging:24.0.3] AndroidManifest.xml:51:17-78
143-->[com.google.firebase:firebase-messaging:24.0.3] AndroidManifest.xml:51:25-75
144            </intent-filter>
145        </service>
146
147        <activity
147-->[com.google.android.gms:play-services-base:18.0.1] AndroidManifest.xml:20:9-22:45
148            android:name="com.google.android.gms.common.api.GoogleApiActivity"
148-->[com.google.android.gms:play-services-base:18.0.1] AndroidManifest.xml:20:19-85
149            android:exported="false"
149-->[com.google.android.gms:play-services-base:18.0.1] AndroidManifest.xml:22:19-43
150            android:theme="@android:style/Theme.Translucent.NoTitleBar" />
150-->[com.google.android.gms:play-services-base:18.0.1] AndroidManifest.xml:21:19-78
151
152        <provider
152-->[com.google.firebase:firebase-common:21.0.0] AndroidManifest.xml:23:9-28:39
153            android:name="com.google.firebase.provider.FirebaseInitProvider"
153-->[com.google.firebase:firebase-common:21.0.0] AndroidManifest.xml:24:13-77
154            android:authorities="com.anet.stylish.firebaseinitprovider"
154-->[com.google.firebase:firebase-common:21.0.0] AndroidManifest.xml:25:13-72
155            android:directBootAware="true"
155-->[com.google.firebase:firebase-common:21.0.0] AndroidManifest.xml:26:13-43
156            android:exported="false"
156-->[com.google.firebase:firebase-common:21.0.0] AndroidManifest.xml:27:13-37
157            android:initOrder="100" />
157-->[com.google.firebase:firebase-common:21.0.0] AndroidManifest.xml:28:13-36
158
159        <uses-library
159-->[androidx.window:window:1.2.0] AndroidManifest.xml:23:9-25:40
160            android:name="androidx.window.extensions"
160-->[androidx.window:window:1.2.0] AndroidManifest.xml:24:13-54
161            android:required="false" />
161-->[androidx.window:window:1.2.0] AndroidManifest.xml:25:13-37
162        <uses-library
162-->[androidx.window:window:1.2.0] AndroidManifest.xml:26:9-28:40
163            android:name="androidx.window.sidecar"
163-->[androidx.window:window:1.2.0] AndroidManifest.xml:27:13-51
164            android:required="false" />
164-->[androidx.window:window:1.2.0] AndroidManifest.xml:28:13-37
165
166        <meta-data
166-->[com.google.android.gms:play-services-basement:18.3.0] AndroidManifest.xml:21:9-23:69
167            android:name="com.google.android.gms.version"
167-->[com.google.android.gms:play-services-basement:18.3.0] AndroidManifest.xml:22:13-58
168            android:value="@integer/google_play_services_version" />
168-->[com.google.android.gms:play-services-basement:18.3.0] AndroidManifest.xml:23:13-66
169
170        <provider
170-->[androidx.lifecycle:lifecycle-process:2.7.0] AndroidManifest.xml:24:9-32:20
171            android:name="androidx.startup.InitializationProvider"
171-->[androidx.lifecycle:lifecycle-process:2.7.0] AndroidManifest.xml:25:13-67
172            android:authorities="com.anet.stylish.androidx-startup"
172-->[androidx.lifecycle:lifecycle-process:2.7.0] AndroidManifest.xml:26:13-68
173            android:exported="false" >
173-->[androidx.lifecycle:lifecycle-process:2.7.0] AndroidManifest.xml:27:13-37
174            <meta-data
174-->[androidx.lifecycle:lifecycle-process:2.7.0] AndroidManifest.xml:29:13-31:52
175                android:name="androidx.lifecycle.ProcessLifecycleInitializer"
175-->[androidx.lifecycle:lifecycle-process:2.7.0] AndroidManifest.xml:30:17-78
176                android:value="androidx.startup" />
176-->[androidx.lifecycle:lifecycle-process:2.7.0] AndroidManifest.xml:31:17-49
177            <meta-data
177-->[androidx.profileinstaller:profileinstaller:1.3.1] AndroidManifest.xml:29:13-31:52
178                android:name="androidx.profileinstaller.ProfileInstallerInitializer"
178-->[androidx.profileinstaller:profileinstaller:1.3.1] AndroidManifest.xml:30:17-85
179                android:value="androidx.startup" />
179-->[androidx.profileinstaller:profileinstaller:1.3.1] AndroidManifest.xml:31:17-49
180        </provider>
181
182        <service
182-->[com.google.android.datatransport:transport-backend-cct:3.1.9] AndroidManifest.xml:28:9-34:19
183            android:name="com.google.android.datatransport.runtime.backends.TransportBackendDiscovery"
183-->[com.google.android.datatransport:transport-backend-cct:3.1.9] AndroidManifest.xml:29:13-103
184            android:exported="false" >
184-->[com.google.android.datatransport:transport-backend-cct:3.1.9] AndroidManifest.xml:30:13-37
185            <meta-data
185-->[com.google.android.datatransport:transport-backend-cct:3.1.9] AndroidManifest.xml:31:13-33:39
186                android:name="backend:com.google.android.datatransport.cct.CctBackendFactory"
186-->[com.google.android.datatransport:transport-backend-cct:3.1.9] AndroidManifest.xml:32:17-94
187                android:value="cct" />
187-->[com.google.android.datatransport:transport-backend-cct:3.1.9] AndroidManifest.xml:33:17-36
188        </service>
189        <service
189-->[com.google.android.datatransport:transport-runtime:3.1.9] AndroidManifest.xml:26:9-30:19
190            android:name="com.google.android.datatransport.runtime.scheduling.jobscheduling.JobInfoSchedulerService"
190-->[com.google.android.datatransport:transport-runtime:3.1.9] AndroidManifest.xml:27:13-117
191            android:exported="false"
191-->[com.google.android.datatransport:transport-runtime:3.1.9] AndroidManifest.xml:28:13-37
192            android:permission="android.permission.BIND_JOB_SERVICE" >
192-->[com.google.android.datatransport:transport-runtime:3.1.9] AndroidManifest.xml:29:13-69
193        </service>
194
195        <receiver
195-->[com.google.android.datatransport:transport-runtime:3.1.9] AndroidManifest.xml:32:9-34:40
196            android:name="com.google.android.datatransport.runtime.scheduling.jobscheduling.AlarmManagerSchedulerBroadcastReceiver"
196-->[com.google.android.datatransport:transport-runtime:3.1.9] AndroidManifest.xml:33:13-132
197            android:exported="false" />
197-->[com.google.android.datatransport:transport-runtime:3.1.9] AndroidManifest.xml:34:13-37
198        <receiver
198-->[androidx.profileinstaller:profileinstaller:1.3.1] AndroidManifest.xml:34:9-52:20
199            android:name="androidx.profileinstaller.ProfileInstallReceiver"
199-->[androidx.profileinstaller:profileinstaller:1.3.1] AndroidManifest.xml:35:13-76
200            android:directBootAware="false"
200-->[androidx.profileinstaller:profileinstaller:1.3.1] AndroidManifest.xml:36:13-44
201            android:enabled="true"
201-->[androidx.profileinstaller:profileinstaller:1.3.1] AndroidManifest.xml:37:13-35
202            android:exported="true"
202-->[androidx.profileinstaller:profileinstaller:1.3.1] AndroidManifest.xml:38:13-36
203            android:permission="android.permission.DUMP" >
203-->[androidx.profileinstaller:profileinstaller:1.3.1] AndroidManifest.xml:39:13-57
204            <intent-filter>
204-->[androidx.profileinstaller:profileinstaller:1.3.1] AndroidManifest.xml:40:13-42:29
205                <action android:name="androidx.profileinstaller.action.INSTALL_PROFILE" />
205-->[androidx.profileinstaller:profileinstaller:1.3.1] AndroidManifest.xml:41:17-91
205-->[androidx.profileinstaller:profileinstaller:1.3.1] AndroidManifest.xml:41:25-88
206            </intent-filter>
207            <intent-filter>
207-->[androidx.profileinstaller:profileinstaller:1.3.1] AndroidManifest.xml:43:13-45:29
208                <action android:name="androidx.profileinstaller.action.SKIP_FILE" />
208-->[androidx.profileinstaller:profileinstaller:1.3.1] AndroidManifest.xml:44:17-85
208-->[androidx.profileinstaller:profileinstaller:1.3.1] AndroidManifest.xml:44:25-82
209            </intent-filter>
210            <intent-filter>
210-->[androidx.profileinstaller:profileinstaller:1.3.1] AndroidManifest.xml:46:13-48:29
211                <action android:name="androidx.profileinstaller.action.SAVE_PROFILE" />
211-->[androidx.profileinstaller:profileinstaller:1.3.1] AndroidManifest.xml:47:17-88
211-->[androidx.profileinstaller:profileinstaller:1.3.1] AndroidManifest.xml:47:25-85
212            </intent-filter>
213            <intent-filter>
213-->[androidx.profileinstaller:profileinstaller:1.3.1] AndroidManifest.xml:49:13-51:29
214                <action android:name="androidx.profileinstaller.action.BENCHMARK_OPERATION" />
214-->[androidx.profileinstaller:profileinstaller:1.3.1] AndroidManifest.xml:50:17-95
214-->[androidx.profileinstaller:profileinstaller:1.3.1] AndroidManifest.xml:50:25-92
215            </intent-filter>
216        </receiver>
217    </application>
218
219</manifest>